
Showing logs for build [32mjenkins-x-labs-bot-bdd-gh-15859-rxpsr-1[0m stage [32mfrom-build-pack[0m and container [32mstep-credential-initializer-5smx4[0m
{"level":"warn","ts":1585936792.5466392,"logger":"fallback-logger","caller":"logging/config.go:69","msg":"Fetch GitHub commit ID from kodata failed: \"ref: refs/heads/0.8.0-**-support-backwards-incompats\" is not a valid GitHub commit ID"}
{"level":"info","ts":1585936792.5473351,"logger":"fallback-logger","caller":"creds-init/main.go:40","msg":"Credentials initialized."}

Showing logs for build [32mjenkins-x-labs-bot-bdd-gh-15859-rxpsr-1[0m stage [32mfrom-build-pack[0m and container [32mstep-working-dir-initializer-b8cnl[0m
{"level":"warn","ts":1585936793.504306,"logger":"fallback-logger","caller":"logging/config.go:69","msg":"Fetch GitHub commit ID from kodata failed: open /var/run/ko/HEAD: no such file or directory"}
{"level":"info","ts":1585936793.5053673,"logger":"fallback-logger","caller":"bash/main.go:64","msg":"Successfully executed command \"sh -c mkdir -p /workspace/source\"; output "}

Showing logs for build [32mjenkins-x-labs-bot-bdd-gh-15859-rxpsr-1[0m stage [32mfrom-build-pack[0m and container [32mstep-place-tools[0m

Showing logs for build [32mjenkins-x-labs-bot-bdd-gh-15859-rxpsr-1[0m stage [32mfrom-build-pack[0m and container [32mstep-git-source-jenkins-x-labs-bot-bdd-gh-15859-rxpsr-fpkfb[0m
{"level":"warn","ts":1585936799.7387733,"logger":"fallback-logger","caller":"logging/config.go:69","msg":"Fetch GitHub commit ID from kodata failed: \"ref: refs/heads/0.8.0-**-support-backwards-incompats\" is not a valid GitHub commit ID"}
{"level":"info","ts":1585936800.783048,"logger":"fallback-logger","caller":"git/git.go:103","msg":"Successfully cloned https://github.com/******************/bdd-gh-1585936298.git @ master in path /workspace/source"}

Showing logs for build [32mjenkins-x-labs-bot-bdd-gh-15859-rxpsr-1[0m stage [32mfrom-build-pack[0m and container [32mstep-git-merge[0m
Using SHAs from PULL_REFS=master:0a536f5e5c7f0da057941663f2e8311ac127f7ea,1:75a1080e5625db753c5a0fd39b7007150e260a5f
DEBUG: LC_ALL=C JX_LOG_LEVEL=error git fetch origin --unshallow 75a1080e5625db753c5a0fd39b7007150e260a5f: 0a536f5e5c7f0da057941663f2e8311ac127f7ea:
DEBUG: ran git fetch --unshallow origin 75a1080e5625db753c5a0fd39b7007150e260a5f: 0a536f5e5c7f0da057941663f2e8311ac127f7ea: in 
DEBUG: JX_LOG_LEVEL=error LC_ALL=C git branch
DEBUG: LC_ALL=C JX_LOG_LEVEL=error git checkout master
DEBUG: ran git checkout master in 
DEBUG: JX_LOG_LEVEL=error LC_ALL=C git reset --hard 0a536f5e5c7f0da057941663f2e8311ac127f7ea
DEBUG: ran git reset --hard 0a536f5e5c7f0da057941663f2e8311ac127f7ea in 
DEBUG: LC_ALL=C JX_LOG_LEVEL=error git clean -fd .
DEBUG: ran clean --force -d . in 
DEBUG: LC_ALL=C JX_LOG_LEVEL=error git merge 75a1080e5625db753c5a0fd39b7007150e260a5f
DEBUG: ran git merge 75a1080e5625db753c5a0fd39b7007150e260a5f in 
DEBUG: LC_ALL=C JX_LOG_LEVEL=error git log --format=%H%x1f%an%x1f%ae%x1f%cn%x1f%ce%x1f%s%n%b%x1e 0a536f5e5c7f0da057941663f2e8311ac127f7ea..HEAD
Merged SHA 75a1080e5625db753c5a0fd39b7007150e260a5f with commit message 'My first PR commit' into base branch master

Showing logs for build [32mjenkins-x-labs-bot-bdd-gh-15859-rxpsr-1[0m stage [32mfrom-build-pack[0m and container [32mstep-build-make-linux[0m
CGO_ENABLED=0 GOOS=linux GOARCH=amd64 GO15VENDOREXPERIMENT=1 go build -ldflags '' -o bin/bdd-gh-1585936298 main.go

Showing logs for build [32mjenkins-x-labs-bot-bdd-gh-15859-rxpsr-1[0m stage [32mfrom-build-pack[0m and container [32mstep-build-container-build[0m
ERROR: logging before flag.Parse: E0403 18:00:08.620575      11 metadata.go:241] Failed to unmarshal scopes: invalid character 'h' looking for beginning of value
[36mINFO[0m[0000] No base image, nothing to extract            
[36mINFO[0m[0000] cmd: EXPOSE                                  
[36mINFO[0m[0000] Adding exposed port: 8080/tcp                
[36mINFO[0m[0000] Using files from context: [/workspace/source/bin] 
[36mINFO[0m[0000] Skipping unpacking as no commands require it. 
[36mINFO[0m[0000] Taking snapshot of full filesystem...        
[36mINFO[0m[0000] EXPOSE 8080                                  
[36mINFO[0m[0000] cmd: EXPOSE                                  
[36mINFO[0m[0000] Adding exposed port: 8080/tcp                
[36mINFO[0m[0000] No files changed in this command, skipping snapshotting. 
[36mINFO[0m[0000] ENTRYPOINT ["/bdd-gh-1585936298"]            
[36mINFO[0m[0000] No files changed in this command, skipping snapshotting. 
[36mINFO[0m[0000] Using files from context: [/workspace/source/bin] 
[36mINFO[0m[0000] COPY ./bin/ /                                
[36mINFO[0m[0000] Taking snapshot of files...                  
2020/04/03 18:00:12 pushed blob: sha256:1f9cdbb7fec28997da9a81a6925c23268feb828d2c89fa713c16a4e43d8467e7
2020/04/03 18:00:12 pushed blob: sha256:69ff8bd8b4699515eac772a49b431dc3f79c4bb40be9bb2182249aa4cbaba8d3
2020/04/03 18:00:14 gcr.io/jenkins-x-labs-bdd/bdd-gh-1585936298:0.0.0-SNAPSHOT-PR-1-1: digest: sha256:e21513cb35356aa902cf9dbb7324e2644f82d0ade88a82f089ea6783f40332ef size: 428

Showing logs for build [32mjenkins-x-labs-bot-bdd-gh-15859-rxpsr-1[0m stage [32mfrom-build-pack[0m and container [32mstep-postbuild-post-build[0m
no CVE provider running in the current ** namespace so skip adding image to be analysed

Showing logs for build [32mjenkins-x-labs-bot-bdd-gh-15859-rxpsr-1[0m stage [32mfrom-build-pack[0m and container [32mstep-promote-make-preview[0m
sed -i -e "s/version:.*/version: 0.0.0-SNAPSHOT-PR-1-1/" Chart.yaml
sed -i -e "s/version:.*/version: 0.0.0-SNAPSHOT-PR-1-1/" ../*/Chart.yaml
sed -i -e "s|repository:.*|repository: gcr.io\/jenkins-x-labs-bdd\/bdd-gh-1585936298|" values.yaml
sed -i -e "s/tag:.*/tag: 0.0.0-SNAPSHOT-PR-1-1/" values.yaml
echo "  version: 0.0.0-SNAPSHOT-PR-1-1" >> requirements.yaml
** step helm build
WARNING: No $CHART_REPOSITORY defined so using the default value of: http://jenkins-x-chartmuseum:8080
Adding missing Helm repo: storage.googleapis.com https://storage.googleapis.com/chartmuseum.jenkins-x.io
Successfully added Helm repository storage.googleapis.com.
Adding missing Helm repo: jenkins-x-chartmuseum http://jenkins-x-chartmuseum:8080
Successfully added Helm repository jenkins-x-chartmuseum.
WARNING: No $CHART_REPOSITORY defined so using the default value of: http://jenkins-x-chartmuseum:8080

Showing logs for build [32mjenkins-x-labs-bot-bdd-gh-15859-rxpsr-1[0m stage [32mfrom-build-pack[0m and container [32mstep-promote-jx-preview[0m
Creating a preview
Created environment ******************-bdd-gh-1585936298-pr-1
Namespace **-******************-bdd-gh-1585936298-pr-1 created 
expose:
  Annotations:
    helm.sh/hook: post-install,post-upgrade
    helm.sh/hook-delete-policy: hook-succeeded
  config:
    domain: 35.240.120.20.nip.io
    exposer: Ingress
    http: "true"
preview:
  image:
    repository: gcr.io/jenkins-x-labs-bdd/bdd-gh-1585936298
    tag: 0.0.0-SNAPSHOT-PR-1-1
adding helm values file /workspace/source/charts/preview/**Requirements.values.yaml for namespace **-******************-bdd-gh-1585936298-pr-1
Updating PipelineActivities ******************-bdd-gh-1585936298-pr-1-1 which has status Running
WARNING: preview application http://bdd-gh-1585936298-**-******************-bdd-gh-1585936298-pr-1.35.240.120.20.nip.io not available, error was 503 503 Service Temporarily Unavailable, delaying for: 1.252573036s
Preview application is now available at: http://bdd-gh-1585936298-**-******************-bdd-gh-1585936298-pr-1.35.240.120.20.nip.io
